2021-05-28 14:41:37.418 - [] - [main] INFO  com.destiny.rabbit.UserServiceTest.logStarting(55) - Starting UserServiceTest on xieyue86-liangwenchao.local with PID 20388 (started by admin in /Users/admin/IdeaProjects/learn/github/springboot-templet-start/springboot-freemarker-mybatisplus-hikari)
2021-05-28 14:41:37.420 - [] - [main] INFO  com.destiny.rabbit.UserServiceTest.logStartupProfileInfo(655) - The following profiles are active: dev
2021-05-28 14:41:39.415 - [] - [main] INFO  o.s.scheduling.concurrent.ThreadPoolTaskExecutor.initialize(181) - Initializing ExecutorService 'applicationTaskExecutor'
2021-05-28 14:41:39.949 - [] - [main] INFO  com.destiny.rabbit.UserServiceTest.logStarted(61) - Started UserServiceTest in 2.968 seconds (JVM running for 3.836)
2021-05-28 14:41:39.951 - [] - [main] INFO  com.destiny.rabbit.config.RabbitApplicationRunner.run(15) -  running org.springframework.boot.DefaultApplicationArguments@511da44f
2021-05-28 14:41:40.158 - [] - [main] WARN  com.zaxxer.hikari.HikariConfig.validateNumerics(1017) - HikariPool-1 - maxLifetime is less than 30000ms, setting to default 1800000ms.
2021-05-28 14:41:40.158 - [] - [main] WARN  com.zaxxer.hikari.HikariConfig.validateNumerics(1055) - HikariPool-1 - idleTimeout has been set but has no effect because the pool is operating as a fixed size pool.
2021-05-28 14:41:40.158 - [] - [main] INFO  com.zaxxer.hikari.HikariDataSource.getConnection(110) - HikariPool-1 - Starting...
2021-05-28 14:41:40.362 - [] - [main] INFO  com.zaxxer.hikari.HikariDataSource.getConnection(123) - HikariPool-1 - Start completed.
2021-05-28 14:41:40.368 - [] - [main] INFO  com.destiny.rabbit.service.impl.UserServiceImpl.updateUserInfo(45) - execute !
2021-05-28 14:41:43.458 - [] - [SpringContextShutdownHook] INFO  o.s.scheduling.concurrent.ThreadPoolTaskExecutor.shutdown(218) - Shutting down ExecutorService 'applicationTaskExecutor'
2021-05-28 14:41:43.459 - [] - [SpringContextShutdownHook] INFO  com.zaxxer.hikari.HikariDataSource.close(350) - HikariPool-1 - Shutdown initiated...
2021-05-28 14:41:44.336 - [] - [SpringContextShutdownHook] INFO  com.zaxxer.hikari.HikariDataSource.close(352) - HikariPool-1 - Shutdown completed.
2021-05-28 14:42:09.463 - [] - [main] INFO  com.destiny.rabbit.UserServiceTest.logStarting(55) - Starting UserServiceTest on xieyue86-liangwenchao.local with PID 20401 (started by admin in /Users/admin/IdeaProjects/learn/github/springboot-templet-start/springboot-freemarker-mybatisplus-hikari)
2021-05-28 14:42:09.465 - [] - [main] INFO  com.destiny.rabbit.UserServiceTest.logStartupProfileInfo(655) - The following profiles are active: dev
2021-05-28 14:42:11.484 - [] - [main] INFO  o.s.scheduling.concurrent.ThreadPoolTaskExecutor.initialize(181) - Initializing ExecutorService 'applicationTaskExecutor'
2021-05-28 14:42:12.015 - [] - [main] INFO  com.destiny.rabbit.UserServiceTest.logStarted(61) - Started UserServiceTest in 2.972 seconds (JVM running for 3.837)
2021-05-28 14:42:12.017 - [] - [main] INFO  com.destiny.rabbit.config.RabbitApplicationRunner.run(15) -  running org.springframework.boot.DefaultApplicationArguments@2365ea38
2021-05-28 14:42:12.229 - [] - [main] WARN  com.zaxxer.hikari.HikariConfig.validateNumerics(1017) - HikariPool-1 - maxLifetime is less than 30000ms, setting to default 1800000ms.
2021-05-28 14:42:12.229 - [] - [main] WARN  com.zaxxer.hikari.HikariConfig.validateNumerics(1055) - HikariPool-1 - idleTimeout has been set but has no effect because the pool is operating as a fixed size pool.
2021-05-28 14:42:12.229 - [] - [main] INFO  com.zaxxer.hikari.HikariDataSource.getConnection(110) - HikariPool-1 - Starting...
2021-05-28 14:42:12.435 - [] - [main] INFO  com.zaxxer.hikari.HikariDataSource.getConnection(123) - HikariPool-1 - Start completed.
2021-05-28 14:42:12.443 - [] - [main] INFO  com.destiny.rabbit.service.impl.UserServiceImpl.updateUserInfo(45) - execute !
2021-05-28 14:42:15.525 - [] - [SpringContextShutdownHook] INFO  o.s.scheduling.concurrent.ThreadPoolTaskExecutor.shutdown(218) - Shutting down ExecutorService 'applicationTaskExecutor'
2021-05-28 14:42:15.525 - [] - [SpringContextShutdownHook] INFO  com.zaxxer.hikari.HikariDataSource.close(350) - HikariPool-1 - Shutdown initiated...
2021-05-28 14:42:16.397 - [] - [SpringContextShutdownHook] INFO  com.zaxxer.hikari.HikariDataSource.close(352) - HikariPool-1 - Shutdown completed.
2021-05-28 15:08:50.694 - [] - [main] INFO  com.destiny.rabbit.UserServiceTest.logStarting(55) - Starting UserServiceTest on xieyue86-liangwenchao.local with PID 20942 (started by admin in /Users/admin/IdeaProjects/learn/github/springboot-templet-start/springboot-freemarker-mybatisplus-hikari)
2021-05-28 15:08:50.698 - [] - [main] INFO  com.destiny.rabbit.UserServiceTest.logStartupProfileInfo(655) - The following profiles are active: dev
2021-05-28 15:08:52.925 - [] - [main] INFO  o.s.scheduling.concurrent.ThreadPoolTaskExecutor.initialize(181) - Initializing ExecutorService 'applicationTaskExecutor'
2021-05-28 15:08:53.570 - [] - [main] INFO  com.destiny.rabbit.UserServiceTest.logStarted(61) - Started UserServiceTest in 3.405 seconds (JVM running for 4.392)
2021-05-28 15:08:53.572 - [] - [main] INFO  com.destiny.rabbit.config.RabbitApplicationRunner.run(15) -  running org.springframework.boot.DefaultApplicationArguments@3bbf1c0d
2021-05-28 15:08:53.863 - [] - [main] WARN  com.zaxxer.hikari.HikariConfig.validateNumerics(1017) - HikariPool-1 - maxLifetime is less than 30000ms, setting to default 1800000ms.
2021-05-28 15:08:53.864 - [] - [main] WARN  com.zaxxer.hikari.HikariConfig.validateNumerics(1055) - HikariPool-1 - idleTimeout has been set but has no effect because the pool is operating as a fixed size pool.
2021-05-28 15:08:53.864 - [] - [main] INFO  com.zaxxer.hikari.HikariDataSource.getConnection(110) - HikariPool-1 - Starting...
2021-05-28 15:08:54.114 - [] - [main] INFO  com.zaxxer.hikari.HikariDataSource.getConnection(123) - HikariPool-1 - Start completed.
2021-05-28 15:08:54.122 - [] - [main] INFO  com.destiny.rabbit.service.impl.UserServiceImpl.updateUserInfo(45) - execute !
2021-05-28 15:08:57.219 - [] - [SpringContextShutdownHook] INFO  o.s.scheduling.concurrent.ThreadPoolTaskExecutor.shutdown(218) - Shutting down ExecutorService 'applicationTaskExecutor'
2021-05-28 15:08:57.220 - [] - [SpringContextShutdownHook] INFO  com.zaxxer.hikari.HikariDataSource.close(350) - HikariPool-1 - Shutdown initiated...
2021-05-28 15:08:58.167 - [] - [SpringContextShutdownHook] INFO  com.zaxxer.hikari.HikariDataSource.close(352) - HikariPool-1 - Shutdown completed.
2021-05-28 15:09:18.844 - [] - [main] INFO  com.destiny.rabbit.UserServiceTest.logStarting(55) - Starting UserServiceTest on xieyue86-liangwenchao.local with PID 20949 (started by admin in /Users/admin/IdeaProjects/learn/github/springboot-templet-start/springboot-freemarker-mybatisplus-hikari)
2021-05-28 15:09:18.846 - [] - [main] INFO  com.destiny.rabbit.UserServiceTest.logStartupProfileInfo(655) - The following profiles are active: dev
2021-05-28 15:09:20.762 - [] - [main] INFO  o.s.scheduling.concurrent.ThreadPoolTaskExecutor.initialize(181) - Initializing ExecutorService 'applicationTaskExecutor'
2021-05-28 15:09:21.377 - [] - [main] INFO  com.destiny.rabbit.UserServiceTest.logStarted(61) - Started UserServiceTest in 3.135 seconds (JVM running for 4.026)
2021-05-28 15:09:21.378 - [] - [main] INFO  com.destiny.rabbit.config.RabbitApplicationRunner.run(15) -  running org.springframework.boot.DefaultApplicationArguments@5396eeb1
2021-05-28 15:09:21.588 - [] - [main] WARN  com.zaxxer.hikari.HikariConfig.validateNumerics(1017) - HikariPool-1 - maxLifetime is less than 30000ms, setting to default 1800000ms.
2021-05-28 15:09:21.589 - [] - [main] WARN  com.zaxxer.hikari.HikariConfig.validateNumerics(1055) - HikariPool-1 - idleTimeout has been set but has no effect because the pool is operating as a fixed size pool.
2021-05-28 15:09:21.596 - [] - [main] INFO  com.zaxxer.hikari.HikariDataSource.getConnection(110) - HikariPool-1 - Starting...
2021-05-28 15:09:21.808 - [] - [main] INFO  com.zaxxer.hikari.HikariDataSource.getConnection(123) - HikariPool-1 - Start completed.
2021-05-28 15:09:21.815 - [] - [main] INFO  com.destiny.rabbit.service.impl.UserServiceImpl.updateUserInfo(45) - execute !
2021-05-28 15:09:24.928 - [] - [SpringContextShutdownHook] INFO  o.s.scheduling.concurrent.ThreadPoolTaskExecutor.shutdown(218) - Shutting down ExecutorService 'applicationTaskExecutor'
2021-05-28 15:09:24.928 - [] - [SpringContextShutdownHook] INFO  com.zaxxer.hikari.HikariDataSource.close(350) - HikariPool-1 - Shutdown initiated...
2021-05-28 15:09:25.970 - [] - [SpringContextShutdownHook] INFO  com.zaxxer.hikari.HikariDataSource.close(352) - HikariPool-1 - Shutdown completed.
